{
  "issue_id": 10817,
  "issue_url": "https://github.com/checkstyle/checkstyle/issues/10817",
  "title": "NPE in IllegalTypeCheck when checking a record (Java 14)",
  "description": "<p dir=\"auto\">Hello,</p>\n<p dir=\"auto\"><a href=\"https://checkstyle.org/config_coding.html#IllegalType\" rel=\"nofollow\">https://checkstyle.org/config_coding.html#IllegalType</a></p>\n<p dir=\"auto\">I'm trying JDK 16 with language-level 16 I've run into an NPE. I've discovered this on Checkstyle 9.0, but the same problem is still unresolved on the <code class=\"notranslate\">master</code> branch.</p>\n<p dir=\"auto\">Since the build is configured to run on <code class=\"notranslate\">1.8</code>, I had to modify the source+target language to allow for the reproducer test-case, which I've prepared here: <a class=\"commit-link\" data-hovercard-type=\"commit\" data-hovercard-url=\"https://github.com/fprochazka/checkstyle/commit/0e18223a4fd8e91cb3264fd970573f0e6e1c0a5d/hovercard\" href=\"https://github.com/fprochazka/checkstyle/commit/0e18223a4fd8e91cb3264fd970573f0e6e1c0a5d\">fprochazka@<tt>0e18223</tt></a>, it's probably not ideal, but IMHO it should pass a verifiable reproducer.</p>\n<p dir=\"auto\">if you run the <code class=\"notranslate\">IllegalTypeCheckTest</code> from my commit, you'll see the following errors:</p>\n<details>\n <summary>InputIllegalTypeTestRecordsPass fail</summary>\n<div class=\"snippet-clipboard-content notranslate position-relative overflow-auto\" data-snippet-clipboard-copy-content=\"com.puppycrawl.tools.checkstyle.api.CheckstyleException: Exception was thrown while processing /home/fprochazka/devel/libs/checkstyle/checkstyle/src/test/resources/com/puppycrawl/tools/checkstyle/checks/coding/illegaltype/InputIllegalTypeTestRecordsPass.java\n\n\tat com.puppycrawl.tools.checkstyle.Checker.processFiles(Checker.java:302)\n\tat com.puppycrawl.tools.checkstyle.Checker.process(Checker.java:221)\n\tat com.puppycrawl.tools.checkstyle.AbstractModuleTestSupport.getActualViolationsForFile(AbstractModuleTestSupport.java:442)\n\tat com.puppycrawl.tools.checkstyle.AbstractModuleTestSupport.verifyViolations(AbstractModuleTestSupport.java:416)\n\tat com.puppycrawl.tools.checkstyle.AbstractModuleTestSupport.verifyWithInlineConfigParser(AbstractModuleTestSupport.java:269)\n\tat com.puppycrawl.tools.checkstyle.checks.coding.IllegalTypeCheckTest.testValidateRecordsPass(IllegalTypeCheckTest.java:66)\n\tat java.base/jdk.internal.reflect.NativeMethodAccessorImpl.invoke0(Native Method)\n\tat java.base/jdk.internal.reflect.NativeMethodAccessorImpl.invoke(NativeMethodAccessorImpl.java:78)\n\tat java.base/jdk.internal.reflect.DelegatingMethodAccessorImpl.invoke(DelegatingMethodAccessorImpl.java:43)\n\tat java.base/java.lang.reflect.Method.invoke(Method.java:567)\n\tat org.junit.platform.commons.util.ReflectionUtils.invokeMethod(ReflectionUtils.java:725)\n\tat org.junit.jupiter.engine.execution.MethodInvocation.proceed(MethodInvocation.java:60)\n\tat org.junit.jupiter.engine.execution.InvocationInterceptorChain$ValidatingInvocation.proceed(InvocationInterceptorChain.java:131)\n\tat org.junit.jupiter.engine.extension.TimeoutExtension.intercept(TimeoutExtension.java:149)\n\tat org.junit.jupiter.engine.extension.TimeoutExtension.interceptTestableMethod(TimeoutExtension.java:140)\n\tat org.junit.jupiter.engine.extension.TimeoutExtension.interceptTestMethod(TimeoutExtension.java:84)\n\tat org.junit.jupiter.engine.execution.ExecutableInvoker$ReflectiveInterceptorCall.lambda$ofVoidMethod$0(ExecutableInvoker.java:115)\n\tat org.junit.jupiter.engine.execution.ExecutableInvoker.lambda$invoke$0(ExecutableInvoker.java:105)\n\tat org.junit.jupiter.engine.execution.InvocationInterceptorChain$InterceptedInvocation.proceed(InvocationInterceptorChain.java:106)\n\tat org.junit.jupiter.engine.execution.InvocationInterceptorChain.proceed(InvocationInterceptorChain.java:64)\n\tat org.junit.jupiter.engine.execution.InvocationInterceptorChain.chainAndInvoke(InvocationInterceptorChain.java:45)\n\tat org.junit.jupiter.engine.execution.InvocationInterceptorChain.invoke(InvocationInterceptorChain.java:37)\n\tat org.junit.jupiter.engine.execution.ExecutableInvoker.invoke(ExecutableInvoker.java:104)\n\tat org.junit.jupiter.engine.execution.ExecutableInvoker.invoke(ExecutableInvoker.java:98)\n\tat org.junit.jupiter.engine.descriptor.TestMethodTestDescriptor.lambda$invokeTestMethod$7(TestMethodTestDescriptor.java:214)\n\tat org.junit.platform.engine.support.hierarchical.ThrowableCollector.execute(ThrowableCollector.java:73)\n\tat org.junit.jupiter.engine.descriptor.TestMethodTestDescriptor.invokeTestMethod(TestMethodTestDescriptor.java:210)\n\tat org.junit.jupiter.engine.descriptor.TestMethodTestDescriptor.execute(TestMethodTestDescriptor.java:135)\n\tat org.junit.jupiter.engine.descriptor.TestMethodTestDescriptor.execute(TestMethodTestDescriptor.java:66)\n\tat org.junit.platform.engine.support.hierarchical.NodeTestTask.lambda$executeRecursively$6(NodeTestTask.java:151)\n\tat org.junit.platform.engine.support.hierarchical.ThrowableCollector.execute(ThrowableCollector.java:73)\n\tat org.junit.platform.engine.support.hierarchical.NodeTestTask.lambda$executeRecursively$8(NodeTestTask.java:141)\n\tat org.junit.platform.engine.support.hierarchical.Node.around(Node.java:137)\n\tat org.junit.platform.engine.support.hierarchical.NodeTestTask.lambda$executeRecursively$9(NodeTestTask.java:139)\n\tat org.junit.platform.engine.support.hierarchical.ThrowableCollector.execute(ThrowableCollector.java:73)\n\tat org.junit.platform.engine.support.hierarchical.NodeTestTask.executeRecursively(NodeTestTask.java:138)\n\tat org.junit.platform.engine.support.hierarchical.NodeTestTask.execute(NodeTestTask.java:95)\n\tat java.base/java.util.ArrayList.forEach(ArrayList.java:1511)\n\tat org.junit.platform.engine.support.hierarchical.SameThreadHierarchicalTestExecutorService.invokeAll(SameThreadHierarchicalTestExecutorService.java:41)\n\tat org.junit.platform.engine.support.hierarchical.NodeTestTask.lambda$executeRecursively$6(NodeTestTask.java:155)\n\tat org.junit.platform.engine.support.hierarchical.ThrowableCollector.execute(ThrowableCollector.java:73)\n\tat org.junit.platform.engine.support.hierarchical.NodeTestTask.lambda$executeRecursively$8(NodeTestTask.java:141)\n\tat org.junit.platform.engine.support.hierarchical.Node.around(Node.java:137)\n\tat org.junit.platform.engine.support.hierarchical.NodeTestTask.lambda$executeRecursively$9(NodeTestTask.java:139)\n\tat org.junit.platform.engine.support.hierarchical.ThrowableCollector.execute(ThrowableCollector.java:73)\n\tat org.junit.platform.engine.support.hierarchical.NodeTestTask.executeRecursively(NodeTestTask.java:138)\n\tat org.junit.platform.engine.support.hierarchical.NodeTestTask.execute(NodeTestTask.java:95)\n\tat java.base/java.util.ArrayList.forEach(ArrayList.java:1511)\n\tat org.junit.platform.engine.support.hierarchical.SameThreadHierarchicalTestExecutorService.invokeAll(SameThreadHierarchicalTestExecutorService.java:41)\n\tat org.junit.platform.engine.support.hierarchical.NodeTestTask.lambda$executeRecursively$6(NodeTestTask.java:155)\n\tat org.junit.platform.engine.support.hierarchical.ThrowableCollector.execute(ThrowableCollector.java:73)\n\tat org.junit.platform.engine.support.hierarchical.NodeTestTask.lambda$executeRecursively$8(NodeTestTask.java:141)\n\tat org.junit.platform.engine.support.hierarchical.Node.around(Node.java:137)\n\tat org.junit.platform.engine.support.hierarchical.NodeTestTask.lambda$executeRecursively$9(NodeTestTask.java:139)\n\tat org.junit.platform.engine.support.hierarchical.ThrowableCollector.execute(ThrowableCollector.java:73)\n\tat org.junit.platform.engine.support.hierarchical.NodeTestTask.executeRecursively(NodeTestTask.java:138)\n\tat org.junit.platform.engine.support.hierarchical.NodeTestTask.execute(NodeTestTask.java:95)\n\tat org.junit.platform.engine.support.hierarchical.SameThreadHierarchicalTestExecutorService.submit(SameThreadHierarchicalTestExecutorService.java:35)\n\tat org.junit.platform.engine.support.hierarchical.HierarchicalTestExecutor.execute(HierarchicalTestExecutor.java:57)\n\tat org.junit.platform.engine.support.hierarchical.HierarchicalTestEngine.execute(HierarchicalTestEngine.java:54)\n\tat org.junit.platform.launcher.core.EngineExecutionOrchestrator.execute(EngineExecutionOrchestrator.java:108)\n\tat org.junit.platform.launcher.core.EngineExecutionOrchestrator.execute(EngineExecutionOrchestrator.java:88)\n\tat org.junit.platform.launcher.core.EngineExecutionOrchestrator.lambda$execute$0(EngineExecutionOrchestrator.java:54)\n\tat org.junit.platform.launcher.core.EngineExecutionOrchestrator.withInterceptedStreams(EngineExecutionOrchestrator.java:67)\n\tat org.junit.platform.launcher.core.EngineExecutionOrchestrator.execute(EngineExecutionOrchestrator.java:52)\n\tat org.junit.platform.launcher.core.DefaultLauncher.execute(DefaultLauncher.java:96)\n\tat org.junit.platform.launcher.core.DefaultLauncher.execute(DefaultLauncher.java:75)\n\tat com.intellij.junit5.JUnit5IdeaTestRunner.startRunnerWithArgs(JUnit5IdeaTestRunner.java:71)\n\tat com.intellij.rt.junit.IdeaTestRunner$Repeater.startRunnerWithArgs(IdeaTestRunner.java:33)\n\tat com.intellij.rt.junit.JUnitStarter.prepareStreamsAndStart(JUnitStarter.java:235)\n\tat com.intellij.rt.junit.JUnitStarter.main(JUnitStarter.java:54)\nCaused by: java.lang.NullPointerException: Cannot invoke \"com.puppycrawl.tools.checkstyle.api.DetailAST.getFirstChild()\" because \"modifiers\" is null\n\tat com.puppycrawl.tools.checkstyle.checks.coding.IllegalTypeCheck.isContainVerifiableType(IllegalTypeCheck.java:516)\n\tat com.puppycrawl.tools.checkstyle.checks.coding.IllegalTypeCheck.isVerifiable(IllegalTypeCheck.java:502)\n\tat com.puppycrawl.tools.checkstyle.checks.coding.IllegalTypeCheck.visitVariableDef(IllegalTypeCheck.java:577)\n\tat com.puppycrawl.tools.checkstyle.checks.coding.IllegalTypeCheck.visitToken(IllegalTypeCheck.java:477)\n\tat com.puppycrawl.tools.checkstyle.TreeWalker.notifyVisit(TreeWalker.java:335)\n\tat com.puppycrawl.tools.checkstyle.TreeWalker.processIter(TreeWalker.java:406)\n\tat com.puppycrawl.tools.checkstyle.TreeWalker.walk(TreeWalker.java:273)\n\tat com.puppycrawl.tools.checkstyle.TreeWalker.processFiltered(TreeWalker.java:154)\n\tat com.puppycrawl.tools.checkstyle.api.AbstractFileSetCheck.process(AbstractFileSetCheck.java:87)\n\tat com.puppycrawl.tools.checkstyle.Checker.processFile(Checker.java:328)\n\tat com.puppycrawl.tools.checkstyle.Checker.processFiles(Checker.java:289)\n\t... 70 more\"><pre class=\"notranslate\"><code>com.puppycrawl.tools.checkstyle.api.CheckstyleException: Exception was thrown while processing /home/fprochazka/devel/libs/checkstyle/checkstyle/src/test/resources/com/puppycrawl/tools/checkstyle/checks/coding/illegaltype/InputIllegalTypeTestRecordsPass.java\n\n\tat com.puppycrawl.tools.checkstyle.Checker.processFiles(Checker.java:302)\n\tat com.puppycrawl.tools.checkstyle.Checker.process(Checker.java:221)\n\tat com.puppycrawl.tools.checkstyle.AbstractModuleTestSupport.getActualViolationsForFile(AbstractModuleTestSupport.java:442)\n\tat com.puppycrawl.tools.checkstyle.AbstractModuleTestSupport.verifyViolations(AbstractModuleTestSupport.java:416)\n\tat com.puppycrawl.tools.checkstyle.AbstractModuleTestSupport.verifyWithInlineConfigParser(AbstractModuleTestSupport.java:269)\n\tat com.puppycrawl.tools.checkstyle.checks.coding.IllegalTypeCheckTest.testValidateRecordsPass(IllegalTypeCheckTest.java:66)\n\tat java.base/jdk.internal.reflect.NativeMethodAccessorImpl.invoke0(Native Method)\n\tat java.base/jdk.internal.reflect.NativeMethodAccessorImpl.invoke(NativeMethodAccessorImpl.java:78)\n\tat java.base/jdk.internal.reflect.DelegatingMethodAccessorImpl.invoke(DelegatingMethodAccessorImpl.java:43)\n\tat java.base/java.lang.reflect.Method.invoke(Method.java:567)\n\tat org.junit.platform.commons.util.ReflectionUtils.invokeMethod(ReflectionUtils.java:725)\n\tat org.junit.jupiter.engine.execution.MethodInvocation.proceed(MethodInvocation.java:60)\n\tat org.junit.jupiter.engine.execution.InvocationInterceptorChain$ValidatingInvocation.proceed(InvocationInterceptorChain.java:131)\n\tat org.junit.jupiter.engine.extension.TimeoutExtension.intercept(TimeoutExtension.java:149)\n\tat org.junit.jupiter.engine.extension.TimeoutExtension.interceptTestableMethod(TimeoutExtension.java:140)\n\tat org.junit.jupiter.engine.extension.TimeoutExtension.interceptTestMethod(TimeoutExtension.java:84)\n\tat org.junit.jupiter.engine.execution.ExecutableInvoker$ReflectiveInterceptorCall.lambda$ofVoidMethod$0(ExecutableInvoker.java:115)\n\tat org.junit.jupiter.engine.execution.ExecutableInvoker.lambda$invoke$0(ExecutableInvoker.java:105)\n\tat org.junit.jupiter.engine.execution.InvocationInterceptorChain$InterceptedInvocation.proceed(InvocationInterceptorChain.java:106)\n\tat org.junit.jupiter.engine.execution.InvocationInterceptorChain.proceed(InvocationInterceptorChain.java:64)\n\tat org.junit.jupiter.engine.execution.InvocationInterceptorChain.chainAndInvoke(InvocationInterceptorChain.java:45)\n\tat org.junit.jupiter.engine.execution.InvocationInterceptorChain.invoke(InvocationInterceptorChain.java:37)\n\tat org.junit.jupiter.engine.execution.ExecutableInvoker.invoke(ExecutableInvoker.java:104)\n\tat org.junit.jupiter.engine.execution.ExecutableInvoker.invoke(ExecutableInvoker.java:98)\n\tat org.junit.jupiter.engine.descriptor.TestMethodTestDescriptor.lambda$invokeTestMethod$7(TestMethodTestDescriptor.java:214)\n\tat org.junit.platform.engine.support.hierarchical.ThrowableCollector.execute(ThrowableCollector.java:73)\n\tat org.junit.jupiter.engine.descriptor.TestMethodTestDescriptor.invokeTestMethod(TestMethodTestDescriptor.java:210)\n\tat org.junit.jupiter.engine.descriptor.TestMethodTestDescriptor.execute(TestMethodTestDescriptor.java:135)\n\tat org.junit.jupiter.engine.descriptor.TestMethodTestDescriptor.execute(TestMethodTestDescriptor.java:66)\n\tat org.junit.platform.engine.support.hierarchical.NodeTestTask.lambda$executeRecursively$6(NodeTestTask.java:151)\n\tat org.junit.platform.engine.support.hierarchical.ThrowableCollector.execute(ThrowableCollector.java:73)\n\tat org.junit.platform.engine.support.hierarchical.NodeTestTask.lambda$executeRecursively$8(NodeTestTask.java:141)\n\tat org.junit.platform.engine.support.hierarchical.Node.around(Node.java:137)\n\tat org.junit.platform.engine.support.hierarchical.NodeTestTask.lambda$executeRecursively$9(NodeTestTask.java:139)\n\tat org.junit.platform.engine.support.hierarchical.ThrowableCollector.execute(ThrowableCollector.java:73)\n\tat org.junit.platform.engine.support.hierarchical.NodeTestTask.executeRecursively(NodeTestTask.java:138)\n\tat org.junit.platform.engine.support.hierarchical.NodeTestTask.execute(NodeTestTask.java:95)\n\tat java.base/java.util.ArrayList.forEach(ArrayList.java:1511)\n\tat org.junit.platform.engine.support.hierarchical.SameThreadHierarchicalTestExecutorService.invokeAll(SameThreadHierarchicalTestExecutorService.java:41)\n\tat org.junit.platform.engine.support.hierarchical.NodeTestTask.lambda$executeRecursively$6(NodeTestTask.java:155)\n\tat org.junit.platform.engine.support.hierarchical.ThrowableCollector.execute(ThrowableCollector.java:73)\n\tat org.junit.platform.engine.support.hierarchical.NodeTestTask.lambda$executeRecursively$8(NodeTestTask.java:141)\n\tat org.junit.platform.engine.support.hierarchical.Node.around(Node.java:137)\n\tat org.junit.platform.engine.support.hierarchical.NodeTestTask.lambda$executeRecursively$9(NodeTestTask.java:139)\n\tat org.junit.platform.engine.support.hierarchical.ThrowableCollector.execute(ThrowableCollector.java:73)\n\tat org.junit.platform.engine.support.hierarchical.NodeTestTask.executeRecursively(NodeTestTask.java:138)\n\tat org.junit.platform.engine.support.hierarchical.NodeTestTask.execute(NodeTestTask.java:95)\n\tat java.base/java.util.ArrayList.forEach(ArrayList.java:1511)\n\tat org.junit.platform.engine.support.hierarchical.SameThreadHierarchicalTestExecutorService.invokeAll(SameThreadHierarchicalTestExecutorService.java:41)\n\tat org.junit.platform.engine.support.hierarchical.NodeTestTask.lambda$executeRecursively$6(NodeTestTask.java:155)\n\tat org.junit.platform.engine.support.hierarchical.ThrowableCollector.execute(ThrowableCollector.java:73)\n\tat org.junit.platform.engine.support.hierarchical.NodeTestTask.lambda$executeRecursively$8(NodeTestTask.java:141)\n\tat org.junit.platform.engine.support.hierarchical.Node.around(Node.java:137)\n\tat org.junit.platform.engine.support.hierarchical.NodeTestTask.lambda$executeRecursively$9(NodeTestTask.java:139)\n\tat org.junit.platform.engine.support.hierarchical.ThrowableCollector.execute(ThrowableCollector.java:73)\n\tat org.junit.platform.engine.support.hierarchical.NodeTestTask.executeRecursively(NodeTestTask.java:138)\n\tat org.junit.platform.engine.support.hierarchical.NodeTestTask.execute(NodeTestTask.java:95)\n\tat org.junit.platform.engine.support.hierarchical.SameThreadHierarchicalTestExecutorService.submit(SameThreadHierarchicalTestExecutorService.java:35)\n\tat org.junit.platform.engine.support.hierarchical.HierarchicalTestExecutor.execute(HierarchicalTestExecutor.java:57)\n\tat org.junit.platform.engine.support.hierarchical.HierarchicalTestEngine.execute(HierarchicalTestEngine.java:54)\n\tat org.junit.platform.launcher.core.EngineExecutionOrchestrator.execute(EngineExecutionOrchestrator.java:108)\n\tat org.junit.platform.launcher.core.EngineExecutionOrchestrator.execute(EngineExecutionOrchestrator.java:88)\n\tat org.junit.platform.launcher.core.EngineExecutionOrchestrator.lambda$execute$0(EngineExecutionOrchestrator.java:54)\n\tat org.junit.platform.launcher.core.EngineExecutionOrchestrator.withInterceptedStreams(EngineExecutionOrchestrator.java:67)\n\tat org.junit.platform.launcher.core.EngineExecutionOrchestrator.execute(EngineExecutionOrchestrator.java:52)\n\tat org.junit.platform.launcher.core.DefaultLauncher.execute(DefaultLauncher.java:96)\n\tat org.junit.platform.launcher.core.DefaultLauncher.execute(DefaultLauncher.java:75)\n\tat com.intellij.junit5.JUnit5IdeaTestRunner.startRunnerWithArgs(JUnit5IdeaTestRunner.java:71)\n\tat com.intellij.rt.junit.IdeaTestRunner$Repeater.startRunnerWithArgs(IdeaTestRunner.java:33)\n\tat com.intellij.rt.junit.JUnitStarter.prepareStreamsAndStart(JUnitStarter.java:235)\n\tat com.intellij.rt.junit.JUnitStarter.main(JUnitStarter.java:54)\nCaused by: java.lang.NullPointerException: Cannot invoke \"com.puppycrawl.tools.checkstyle.api.DetailAST.getFirstChild()\" because \"modifiers\" is null\n\tat com.puppycrawl.tools.checkstyle.checks.coding.IllegalTypeCheck.isContainVerifiableType(IllegalTypeCheck.java:516)\n\tat com.puppycrawl.tools.checkstyle.checks.coding.IllegalTypeCheck.isVerifiable(IllegalTypeCheck.java:502)\n\tat com.puppycrawl.tools.checkstyle.checks.coding.IllegalTypeCheck.visitVariableDef(IllegalTypeCheck.java:577)\n\tat com.puppycrawl.tools.checkstyle.checks.coding.IllegalTypeCheck.visitToken(IllegalTypeCheck.java:477)\n\tat com.puppycrawl.tools.checkstyle.TreeWalker.notifyVisit(TreeWalker.java:335)\n\tat com.puppycrawl.tools.checkstyle.TreeWalker.processIter(TreeWalker.java:406)\n\tat com.puppycrawl.tools.checkstyle.TreeWalker.walk(TreeWalker.java:273)\n\tat com.puppycrawl.tools.checkstyle.TreeWalker.processFiltered(TreeWalker.java:154)\n\tat com.puppycrawl.tools.checkstyle.api.AbstractFileSetCheck.process(AbstractFileSetCheck.java:87)\n\tat com.puppycrawl.tools.checkstyle.Checker.processFile(Checker.java:328)\n\tat com.puppycrawl.tools.checkstyle.Checker.processFiles(Checker.java:289)\n\t... 70 more\n</code></pre></div>\n</details>\n<details>\n <summary>InputIllegalTypeTestInnerRecordsPass fail</summary>\n<div class=\"snippet-clipboard-content notranslate position-relative overflow-auto\" data-snippet-clipboard-copy-content=\"com.puppycrawl.tools.checkstyle.api.CheckstyleException: Exception was thrown while processing /home/fprochazka/devel/libs/checkstyle/checkstyle/src/test/resources/com/puppycrawl/tools/checkstyle/checks/coding/illegaltype/InputIllegalTypeTestInnerRecordsPass.java\n\n\tat com.puppycrawl.tools.checkstyle.Checker.processFiles(Checker.java:302)\n\tat com.puppycrawl.tools.checkstyle.Checker.process(Checker.java:221)\n\tat com.puppycrawl.tools.checkstyle.AbstractModuleTestSupport.getActualViolationsForFile(AbstractModuleTestSupport.java:442)\n\tat com.puppycrawl.tools.checkstyle.AbstractModuleTestSupport.verifyViolations(AbstractModuleTestSupport.java:416)\n\tat com.puppycrawl.tools.checkstyle.AbstractModuleTestSupport.verifyWithInlineConfigParser(AbstractModuleTestSupport.java:269)\n\tat com.puppycrawl.tools.checkstyle.checks.coding.IllegalTypeCheckTest.testValidateInnerRecordsPass(IllegalTypeCheckTest.java:74)\n\tat java.base/jdk.internal.reflect.NativeMethodAccessorImpl.invoke0(Native Method)\n\tat java.base/jdk.internal.reflect.NativeMethodAccessorImpl.invoke(NativeMethodAccessorImpl.java:78)\n\tat java.base/jdk.internal.reflect.DelegatingMethodAccessorImpl.invoke(DelegatingMethodAccessorImpl.java:43)\n\tat java.base/java.lang.reflect.Method.invoke(Method.java:567)\n\tat org.junit.platform.commons.util.ReflectionUtils.invokeMethod(ReflectionUtils.java:725)\n\tat org.junit.jupiter.engine.execution.MethodInvocation.proceed(MethodInvocation.java:60)\n\tat org.junit.jupiter.engine.execution.InvocationInterceptorChain$ValidatingInvocation.proceed(InvocationInterceptorChain.java:131)\n\tat org.junit.jupiter.engine.extension.TimeoutExtension.intercept(TimeoutExtension.java:149)\n\tat org.junit.jupiter.engine.extension.TimeoutExtension.interceptTestableMethod(TimeoutExtension.java:140)\n\tat org.junit.jupiter.engine.extension.TimeoutExtension.interceptTestMethod(TimeoutExtension.java:84)\n\tat org.junit.jupiter.engine.execution.ExecutableInvoker$ReflectiveInterceptorCall.lambda$ofVoidMethod$0(ExecutableInvoker.java:115)\n\tat org.junit.jupiter.engine.execution.ExecutableInvoker.lambda$invoke$0(ExecutableInvoker.java:105)\n\tat org.junit.jupiter.engine.execution.InvocationInterceptorChain$InterceptedInvocation.proceed(InvocationInterceptorChain.java:106)\n\tat org.junit.jupiter.engine.execution.InvocationInterceptorChain.proceed(InvocationInterceptorChain.java:64)\n\tat org.junit.jupiter.engine.execution.InvocationInterceptorChain.chainAndInvoke(InvocationInterceptorChain.java:45)\n\tat org.junit.jupiter.engine.execution.InvocationInterceptorChain.invoke(InvocationInterceptorChain.java:37)\n\tat org.junit.jupiter.engine.execution.ExecutableInvoker.invoke(ExecutableInvoker.java:104)\n\tat org.junit.jupiter.engine.execution.ExecutableInvoker.invoke(ExecutableInvoker.java:98)\n\tat org.junit.jupiter.engine.descriptor.TestMethodTestDescriptor.lambda$invokeTestMethod$7(TestMethodTestDescriptor.java:214)\n\tat org.junit.platform.engine.support.hierarchical.ThrowableCollector.execute(ThrowableCollector.java:73)\n\tat org.junit.jupiter.engine.descriptor.TestMethodTestDescriptor.invokeTestMethod(TestMethodTestDescriptor.java:210)\n\tat org.junit.jupiter.engine.descriptor.TestMethodTestDescriptor.execute(TestMethodTestDescriptor.java:135)\n\tat org.junit.jupiter.engine.descriptor.TestMethodTestDescriptor.execute(TestMethodTestDescriptor.java:66)\n\tat org.junit.platform.engine.support.hierarchical.NodeTestTask.lambda$executeRecursively$6(NodeTestTask.java:151)\n\tat org.junit.platform.engine.support.hierarchical.ThrowableCollector.execute(ThrowableCollector.java:73)\n\tat org.junit.platform.engine.support.hierarchical.NodeTestTask.lambda$executeRecursively$8(NodeTestTask.java:141)\n\tat org.junit.platform.engine.support.hierarchical.Node.around(Node.java:137)\n\tat org.junit.platform.engine.support.hierarchical.NodeTestTask.lambda$executeRecursively$9(NodeTestTask.java:139)\n\tat org.junit.platform.engine.support.hierarchical.ThrowableCollector.execute(ThrowableCollector.java:73)\n\tat org.junit.platform.engine.support.hierarchical.NodeTestTask.executeRecursively(NodeTestTask.java:138)\n\tat org.junit.platform.engine.support.hierarchical.NodeTestTask.execute(NodeTestTask.java:95)\n\tat java.base/java.util.ArrayList.forEach(ArrayList.java:1511)\n\tat org.junit.platform.engine.support.hierarchical.SameThreadHierarchicalTestExecutorService.invokeAll(SameThreadHierarchicalTestExecutorService.java:41)\n\tat org.junit.platform.engine.support.hierarchical.NodeTestTask.lambda$executeRecursively$6(NodeTestTask.java:155)\n\tat org.junit.platform.engine.support.hierarchical.ThrowableCollector.execute(ThrowableCollector.java:73)\n\tat org.junit.platform.engine.support.hierarchical.NodeTestTask.lambda$executeRecursively$8(NodeTestTask.java:141)\n\tat org.junit.platform.engine.support.hierarchical.Node.around(Node.java:137)\n\tat org.junit.platform.engine.support.hierarchical.NodeTestTask.lambda$executeRecursively$9(NodeTestTask.java:139)\n\tat org.junit.platform.engine.support.hierarchical.ThrowableCollector.execute(ThrowableCollector.java:73)\n\tat org.junit.platform.engine.support.hierarchical.NodeTestTask.executeRecursively(NodeTestTask.java:138)\n\tat org.junit.platform.engine.support.hierarchical.NodeTestTask.execute(NodeTestTask.java:95)\n\tat java.base/java.util.ArrayList.forEach(ArrayList.java:1511)\n\tat org.junit.platform.engine.support.hierarchical.SameThreadHierarchicalTestExecutorService.invokeAll(SameThreadHierarchicalTestExecutorService.java:41)\n\tat org.junit.platform.engine.support.hierarchical.NodeTestTask.lambda$executeRecursively$6(NodeTestTask.java:155)\n\tat org.junit.platform.engine.support.hierarchical.ThrowableCollector.execute(ThrowableCollector.java:73)\n\tat org.junit.platform.engine.support.hierarchical.NodeTestTask.lambda$executeRecursively$8(NodeTestTask.java:141)\n\tat org.junit.platform.engine.support.hierarchical.Node.around(Node.java:137)\n\tat org.junit.platform.engine.support.hierarchical.NodeTestTask.lambda$executeRecursively$9(NodeTestTask.java:139)\n\tat org.junit.platform.engine.support.hierarchical.ThrowableCollector.execute(ThrowableCollector.java:73)\n\tat org.junit.platform.engine.support.hierarchical.NodeTestTask.executeRecursively(NodeTestTask.java:138)\n\tat org.junit.platform.engine.support.hierarchical.NodeTestTask.execute(NodeTestTask.java:95)\n\tat org.junit.platform.engine.support.hierarchical.SameThreadHierarchicalTestExecutorService.submit(SameThreadHierarchicalTestExecutorService.java:35)\n\tat org.junit.platform.engine.support.hierarchical.HierarchicalTestExecutor.execute(HierarchicalTestExecutor.java:57)\n\tat org.junit.platform.engine.support.hierarchical.HierarchicalTestEngine.execute(HierarchicalTestEngine.java:54)\n\tat org.junit.platform.launcher.core.EngineExecutionOrchestrator.execute(EngineExecutionOrchestrator.java:108)\n\tat org.junit.platform.launcher.core.EngineExecutionOrchestrator.execute(EngineExecutionOrchestrator.java:88)\n\tat org.junit.platform.launcher.core.EngineExecutionOrchestrator.lambda$execute$0(EngineExecutionOrchestrator.java:54)\n\tat org.junit.platform.launcher.core.EngineExecutionOrchestrator.withInterceptedStreams(EngineExecutionOrchestrator.java:67)\n\tat org.junit.platform.launcher.core.EngineExecutionOrchestrator.execute(EngineExecutionOrchestrator.java:52)\n\tat org.junit.platform.launcher.core.DefaultLauncher.execute(DefaultLauncher.java:96)\n\tat org.junit.platform.launcher.core.DefaultLauncher.execute(DefaultLauncher.java:75)\n\tat com.intellij.junit5.JUnit5IdeaTestRunner.startRunnerWithArgs(JUnit5IdeaTestRunner.java:71)\n\tat com.intellij.rt.junit.IdeaTestRunner$Repeater.startRunnerWithArgs(IdeaTestRunner.java:33)\n\tat com.intellij.rt.junit.JUnitStarter.prepareStreamsAndStart(JUnitStarter.java:235)\n\tat com.intellij.rt.junit.JUnitStarter.main(JUnitStarter.java:54)\nCaused by: java.lang.NullPointerException: Cannot invoke \"com.puppycrawl.tools.checkstyle.api.DetailAST.getFirstChild()\" because \"modifiers\" is null\n\tat com.puppycrawl.tools.checkstyle.checks.coding.IllegalTypeCheck.isContainVerifiableType(IllegalTypeCheck.java:516)\n\tat com.puppycrawl.tools.checkstyle.checks.coding.IllegalTypeCheck.isVerifiable(IllegalTypeCheck.java:502)\n\tat com.puppycrawl.tools.checkstyle.checks.coding.IllegalTypeCheck.visitVariableDef(IllegalTypeCheck.java:577)\n\tat com.puppycrawl.tools.checkstyle.checks.coding.IllegalTypeCheck.visitToken(IllegalTypeCheck.java:477)\n\tat com.puppycrawl.tools.checkstyle.TreeWalker.notifyVisit(TreeWalker.java:335)\n\tat com.puppycrawl.tools.checkstyle.TreeWalker.processIter(TreeWalker.java:406)\n\tat com.puppycrawl.tools.checkstyle.TreeWalker.walk(TreeWalker.java:273)\n\tat com.puppycrawl.tools.checkstyle.TreeWalker.processFiltered(TreeWalker.java:154)\n\tat com.puppycrawl.tools.checkstyle.api.AbstractFileSetCheck.process(AbstractFileSetCheck.java:87)\n\tat com.puppycrawl.tools.checkstyle.Checker.processFile(Checker.java:328)\n\tat com.puppycrawl.tools.checkstyle.Checker.processFiles(Checker.java:289)\n\t... 70 more\"><pre class=\"notranslate\"><code>com.puppycrawl.tools.checkstyle.api.CheckstyleException: Exception was thrown while processing /home/fprochazka/devel/libs/checkstyle/checkstyle/src/test/resources/com/puppycrawl/tools/checkstyle/checks/coding/illegaltype/InputIllegalTypeTestInnerRecordsPass.java\n\n\tat com.puppycrawl.tools.checkstyle.Checker.processFiles(Checker.java:302)\n\tat com.puppycrawl.tools.checkstyle.Checker.process(Checker.java:221)\n\tat com.puppycrawl.tools.checkstyle.AbstractModuleTestSupport.getActualViolationsForFile(AbstractModuleTestSupport.java:442)\n\tat com.puppycrawl.tools.checkstyle.AbstractModuleTestSupport.verifyViolations(AbstractModuleTestSupport.java:416)\n\tat com.puppycrawl.tools.checkstyle.AbstractModuleTestSupport.verifyWithInlineConfigParser(AbstractModuleTestSupport.java:269)\n\tat com.puppycrawl.tools.checkstyle.checks.coding.IllegalTypeCheckTest.testValidateInnerRecordsPass(IllegalTypeCheckTest.java:74)\n\tat java.base/jdk.internal.reflect.NativeMethodAccessorImpl.invoke0(Native Method)\n\tat java.base/jdk.internal.reflect.NativeMethodAccessorImpl.invoke(NativeMethodAccessorImpl.java:78)\n\tat java.base/jdk.internal.reflect.DelegatingMethodAccessorImpl.invoke(DelegatingMethodAccessorImpl.java:43)\n\tat java.base/java.lang.reflect.Method.invoke(Method.java:567)\n\tat org.junit.platform.commons.util.ReflectionUtils.invokeMethod(ReflectionUtils.java:725)\n\tat org.junit.jupiter.engine.execution.MethodInvocation.proceed(MethodInvocation.java:60)\n\tat org.junit.jupiter.engine.execution.InvocationInterceptorChain$ValidatingInvocation.proceed(InvocationInterceptorChain.java:131)\n\tat org.junit.jupiter.engine.extension.TimeoutExtension.intercept(TimeoutExtension.java:149)\n\tat org.junit.jupiter.engine.extension.TimeoutExtension.interceptTestableMethod(TimeoutExtension.java:140)\n\tat org.junit.jupiter.engine.extension.TimeoutExtension.interceptTestMethod(TimeoutExtension.java:84)\n\tat org.junit.jupiter.engine.execution.ExecutableInvoker$ReflectiveInterceptorCall.lambda$ofVoidMethod$0(ExecutableInvoker.java:115)\n\tat org.junit.jupiter.engine.execution.ExecutableInvoker.lambda$invoke$0(ExecutableInvoker.java:105)\n\tat org.junit.jupiter.engine.execution.InvocationInterceptorChain$InterceptedInvocation.proceed(InvocationInterceptorChain.java:106)\n\tat org.junit.jupiter.engine.execution.InvocationInterceptorChain.proceed(InvocationInterceptorChain.java:64)\n\tat org.junit.jupiter.engine.execution.InvocationInterceptorChain.chainAndInvoke(InvocationInterceptorChain.java:45)\n\tat org.junit.jupiter.engine.execution.InvocationInterceptorChain.invoke(InvocationInterceptorChain.java:37)\n\tat org.junit.jupiter.engine.execution.ExecutableInvoker.invoke(ExecutableInvoker.java:104)\n\tat org.junit.jupiter.engine.execution.ExecutableInvoker.invoke(ExecutableInvoker.java:98)\n\tat org.junit.jupiter.engine.descriptor.TestMethodTestDescriptor.lambda$invokeTestMethod$7(TestMethodTestDescriptor.java:214)\n\tat org.junit.platform.engine.support.hierarchical.ThrowableCollector.execute(ThrowableCollector.java:73)\n\tat org.junit.jupiter.engine.descriptor.TestMethodTestDescriptor.invokeTestMethod(TestMethodTestDescriptor.java:210)\n\tat org.junit.jupiter.engine.descriptor.TestMethodTestDescriptor.execute(TestMethodTestDescriptor.java:135)\n\tat org.junit.jupiter.engine.descriptor.TestMethodTestDescriptor.execute(TestMethodTestDescriptor.java:66)\n\tat org.junit.platform.engine.support.hierarchical.NodeTestTask.lambda$executeRecursively$6(NodeTestTask.java:151)\n\tat org.junit.platform.engine.support.hierarchical.ThrowableCollector.execute(ThrowableCollector.java:73)\n\tat org.junit.platform.engine.support.hierarchical.NodeTestTask.lambda$executeRecursively$8(NodeTestTask.java:141)\n\tat org.junit.platform.engine.support.hierarchical.Node.around(Node.java:137)\n\tat org.junit.platform.engine.support.hierarchical.NodeTestTask.lambda$executeRecursively$9(NodeTestTask.java:139)\n\tat org.junit.platform.engine.support.hierarchical.ThrowableCollector.execute(ThrowableCollector.java:73)\n\tat org.junit.platform.engine.support.hierarchical.NodeTestTask.executeRecursively(NodeTestTask.java:138)\n\tat org.junit.platform.engine.support.hierarchical.NodeTestTask.execute(NodeTestTask.java:95)\n\tat java.base/java.util.ArrayList.forEach(ArrayList.java:1511)\n\tat org.junit.platform.engine.support.hierarchical.SameThreadHierarchicalTestExecutorService.invokeAll(SameThreadHierarchicalTestExecutorService.java:41)\n\tat org.junit.platform.engine.support.hierarchical.NodeTestTask.lambda$executeRecursively$6(NodeTestTask.java:155)\n\tat org.junit.platform.engine.support.hierarchical.ThrowableCollector.execute(ThrowableCollector.java:73)\n\tat org.junit.platform.engine.support.hierarchical.NodeTestTask.lambda$executeRecursively$8(NodeTestTask.java:141)\n\tat org.junit.platform.engine.support.hierarchical.Node.around(Node.java:137)\n\tat org.junit.platform.engine.support.hierarchical.NodeTestTask.lambda$executeRecursively$9(NodeTestTask.java:139)\n\tat org.junit.platform.engine.support.hierarchical.ThrowableCollector.execute(ThrowableCollector.java:73)\n\tat org.junit.platform.engine.support.hierarchical.NodeTestTask.executeRecursively(NodeTestTask.java:138)\n\tat org.junit.platform.engine.support.hierarchical.NodeTestTask.execute(NodeTestTask.java:95)\n\tat java.base/java.util.ArrayList.forEach(ArrayList.java:1511)\n\tat org.junit.platform.engine.support.hierarchical.SameThreadHierarchicalTestExecutorService.invokeAll(SameThreadHierarchicalTestExecutorService.java:41)\n\tat org.junit.platform.engine.support.hierarchical.NodeTestTask.lambda$executeRecursively$6(NodeTestTask.java:155)\n\tat org.junit.platform.engine.support.hierarchical.ThrowableCollector.execute(ThrowableCollector.java:73)\n\tat org.junit.platform.engine.support.hierarchical.NodeTestTask.lambda$executeRecursively$8(NodeTestTask.java:141)\n\tat org.junit.platform.engine.support.hierarchical.Node.around(Node.java:137)\n\tat org.junit.platform.engine.support.hierarchical.NodeTestTask.lambda$executeRecursively$9(NodeTestTask.java:139)\n\tat org.junit.platform.engine.support.hierarchical.ThrowableCollector.execute(ThrowableCollector.java:73)\n\tat org.junit.platform.engine.support.hierarchical.NodeTestTask.executeRecursively(NodeTestTask.java:138)\n\tat org.junit.platform.engine.support.hierarchical.NodeTestTask.execute(NodeTestTask.java:95)\n\tat org.junit.platform.engine.support.hierarchical.SameThreadHierarchicalTestExecutorService.submit(SameThreadHierarchicalTestExecutorService.java:35)\n\tat org.junit.platform.engine.support.hierarchical.HierarchicalTestExecutor.execute(HierarchicalTestExecutor.java:57)\n\tat org.junit.platform.engine.support.hierarchical.HierarchicalTestEngine.execute(HierarchicalTestEngine.java:54)\n\tat org.junit.platform.launcher.core.EngineExecutionOrchestrator.execute(EngineExecutionOrchestrator.java:108)\n\tat org.junit.platform.launcher.core.EngineExecutionOrchestrator.execute(EngineExecutionOrchestrator.java:88)\n\tat org.junit.platform.launcher.core.EngineExecutionOrchestrator.lambda$execute$0(EngineExecutionOrchestrator.java:54)\n\tat org.junit.platform.launcher.core.EngineExecutionOrchestrator.withInterceptedStreams(EngineExecutionOrchestrator.java:67)\n\tat org.junit.platform.launcher.core.EngineExecutionOrchestrator.execute(EngineExecutionOrchestrator.java:52)\n\tat org.junit.platform.launcher.core.DefaultLauncher.execute(DefaultLauncher.java:96)\n\tat org.junit.platform.launcher.core.DefaultLauncher.execute(DefaultLauncher.java:75)\n\tat com.intellij.junit5.JUnit5IdeaTestRunner.startRunnerWithArgs(JUnit5IdeaTestRunner.java:71)\n\tat com.intellij.rt.junit.IdeaTestRunner$Repeater.startRunnerWithArgs(IdeaTestRunner.java:33)\n\tat com.intellij.rt.junit.JUnitStarter.prepareStreamsAndStart(JUnitStarter.java:235)\n\tat com.intellij.rt.junit.JUnitStarter.main(JUnitStarter.java:54)\nCaused by: java.lang.NullPointerException: Cannot invoke \"com.puppycrawl.tools.checkstyle.api.DetailAST.getFirstChild()\" because \"modifiers\" is null\n\tat com.puppycrawl.tools.checkstyle.checks.coding.IllegalTypeCheck.isContainVerifiableType(IllegalTypeCheck.java:516)\n\tat com.puppycrawl.tools.checkstyle.checks.coding.IllegalTypeCheck.isVerifiable(IllegalTypeCheck.java:502)\n\tat com.puppycrawl.tools.checkstyle.checks.coding.IllegalTypeCheck.visitVariableDef(IllegalTypeCheck.java:577)\n\tat com.puppycrawl.tools.checkstyle.checks.coding.IllegalTypeCheck.visitToken(IllegalTypeCheck.java:477)\n\tat com.puppycrawl.tools.checkstyle.TreeWalker.notifyVisit(TreeWalker.java:335)\n\tat com.puppycrawl.tools.checkstyle.TreeWalker.processIter(TreeWalker.java:406)\n\tat com.puppycrawl.tools.checkstyle.TreeWalker.walk(TreeWalker.java:273)\n\tat com.puppycrawl.tools.checkstyle.TreeWalker.processFiltered(TreeWalker.java:154)\n\tat com.puppycrawl.tools.checkstyle.api.AbstractFileSetCheck.process(AbstractFileSetCheck.java:87)\n\tat com.puppycrawl.tools.checkstyle.Checker.processFile(Checker.java:328)\n\tat com.puppycrawl.tools.checkstyle.Checker.processFiles(Checker.java:289)\n\t... 70 more\n</code></pre></div>\n</details>\n<p dir=\"auto\">The interesting part is IMHO this:</p>\n<div class=\"snippet-clipboard-content notranslate position-relative overflow-auto\" data-snippet-clipboard-copy-content=\"java.lang.NullPointerException: Cannot invoke \"com.puppycrawl.tools.checkstyle.api.DetailAST.getFirstChild()\" because \"modifiers\" is null\n\tat com.puppycrawl.tools.checkstyle.checks.coding.IllegalTypeCheck.isContainVerifiableType(IllegalTypeCheck.java:516)\n\tat com.puppycrawl.tools.checkstyle.checks.coding.IllegalTypeCheck.isVerifiable(IllegalTypeCheck.java:502)\n\tat com.puppycrawl.tools.checkstyle.checks.coding.IllegalTypeCheck.visitVariableDef(IllegalTypeCheck.java:577)\n\tat com.puppycrawl.tools.checkstyle.checks.coding.IllegalTypeCheck.visitToken(IllegalTypeCheck.java:477)\n\tat com.puppycrawl.tools.checkstyle.TreeWalker.notifyVisit(TreeWalker.java:335)\n\tat com.puppycrawl.tools.checkstyle.TreeWalker.processIter(TreeWalker.java:406)\n\tat com.puppycrawl.tools.checkstyle.TreeWalker.walk(TreeWalker.java:273)\n\tat com.puppycrawl.tools.checkstyle.TreeWalker.processFiltered(TreeWalker.java:154)\n\tat com.puppycrawl.tools.checkstyle.api.AbstractFileSetCheck.process(AbstractFileSetCheck.java:87)\n\tat com.puppycrawl.tools.checkstyle.Checker.processFile(Checker.java:328)\n\tat com.puppycrawl.tools.checkstyle.Checker.processFiles(Checker.java:289)\"><pre class=\"notranslate\"><code>java.lang.NullPointerException: Cannot invoke \"com.puppycrawl.tools.checkstyle.api.DetailAST.getFirstChild()\" because \"modifiers\" is null\n\tat com.puppycrawl.tools.checkstyle.checks.coding.IllegalTypeCheck.isContainVerifiableType(IllegalTypeCheck.java:516)\n\tat com.puppycrawl.tools.checkstyle.checks.coding.IllegalTypeCheck.isVerifiable(IllegalTypeCheck.java:502)\n\tat com.puppycrawl.tools.checkstyle.checks.coding.IllegalTypeCheck.visitVariableDef(IllegalTypeCheck.java:577)\n\tat com.puppycrawl.tools.checkstyle.checks.coding.IllegalTypeCheck.visitToken(IllegalTypeCheck.java:477)\n\tat com.puppycrawl.tools.checkstyle.TreeWalker.notifyVisit(TreeWalker.java:335)\n\tat com.puppycrawl.tools.checkstyle.TreeWalker.processIter(TreeWalker.java:406)\n\tat com.puppycrawl.tools.checkstyle.TreeWalker.walk(TreeWalker.java:273)\n\tat com.puppycrawl.tools.checkstyle.TreeWalker.processFiltered(TreeWalker.java:154)\n\tat com.puppycrawl.tools.checkstyle.api.AbstractFileSetCheck.process(AbstractFileSetCheck.java:87)\n\tat com.puppycrawl.tools.checkstyle.Checker.processFile(Checker.java:328)\n\tat com.puppycrawl.tools.checkstyle.Checker.processFiles(Checker.java:289)\n</code></pre></div>\n<p dir=\"auto\">My configuration of the check is baked into the comment in the tested source file.</p>\n<p dir=\"auto\">If I change</p>\n<div class=\"snippet-clipboard-content notranslate position-relative overflow-auto\" data-snippet-clipboard-copy-content=\"memberModifiers = LITERAL_PUBLIC, LITERAL_PROTECTED, LITERAL_STATIC\"><pre class=\"notranslate\"><code>memberModifiers = LITERAL_PUBLIC, LITERAL_PROTECTED, LITERAL_STATIC\n</code></pre></div>\n<p dir=\"auto\">to</p>\n<div class=\"snippet-clipboard-content notranslate position-relative overflow-auto\" data-snippet-clipboard-copy-content=\"memberModifiers = (default)\"><pre class=\"notranslate\"><code>memberModifiers = (default)\n</code></pre></div>\n<p dir=\"auto\">it starts to pass</p>\n<p dir=\"auto\">...</p>\n<p dir=\"auto\">Am I configuring it incorrectly? IMHO it should not throw an NPE even when configured incorrectly.</p>",
  "description_text": "Hello,\nhttps://checkstyle.org/config_coding.html#IllegalType\nI'm trying JDK 16 with language-level 16 I've run into an NPE. I've discovered this on Checkstyle 9.0, but the same problem is still unresolved on the master branch.\nSince the build is configured to run on 1.8, I had to modify the source+target language to allow for the reproducer test-case, which I've prepared here: fprochazka@0e18223, it's probably not ideal, but IMHO it should pass a verifiable reproducer.\nif you run the IllegalTypeCheckTest from my commit, you'll see the following errors:\n\nInputIllegalTypeTestRecordsPass fail\ncom.puppycrawl.tools.checkstyle.api.CheckstyleException: Exception was thrown while processing /home/fprochazka/devel/libs/checkstyle/checkstyle/src/test/resources/com/puppycrawl/tools/checkstyle/checks/coding/illegaltype/InputIllegalTypeTestRecordsPass.java\n\n\tat com.puppycrawl.tools.checkstyle.Checker.processFiles(Checker.java:302)\n\tat com.puppycrawl.tools.checkstyle.Checker.process(Checker.java:221)\n\tat com.puppycrawl.tools.checkstyle.AbstractModuleTestSupport.getActualViolationsForFile(AbstractModuleTestSupport.java:442)\n\tat com.puppycrawl.tools.checkstyle.AbstractModuleTestSupport.verifyViolations(AbstractModuleTestSupport.java:416)\n\tat com.puppycrawl.tools.checkstyle.AbstractModuleTestSupport.verifyWithInlineConfigParser(AbstractModuleTestSupport.java:269)\n\tat com.puppycrawl.tools.checkstyle.checks.coding.IllegalTypeCheckTest.testValidateRecordsPass(IllegalTypeCheckTest.java:66)\n\tat java.base/jdk.internal.reflect.NativeMethodAccessorImpl.invoke0(Native Method)\n\tat java.base/jdk.internal.reflect.NativeMethodAccessorImpl.invoke(NativeMethodAccessorImpl.java:78)\n\tat java.base/jdk.internal.reflect.DelegatingMethodAccessorImpl.invoke(DelegatingMethodAccessorImpl.java:43)\n\tat java.base/java.lang.reflect.Method.invoke(Method.java:567)\n\tat org.junit.platform.commons.util.ReflectionUtils.invokeMethod(ReflectionUtils.java:725)\n\tat org.junit.jupiter.engine.execution.MethodInvocation.proceed(MethodInvocation.java:60)\n\tat org.junit.jupiter.engine.execution.InvocationInterceptorChain$ValidatingInvocation.proceed(InvocationInterceptorChain.java:131)\n\tat org.junit.jupiter.engine.extension.TimeoutExtension.intercept(TimeoutExtension.java:149)\n\tat org.junit.jupiter.engine.extension.TimeoutExtension.interceptTestableMethod(TimeoutExtension.java:140)\n\tat org.junit.jupiter.engine.extension.TimeoutExtension.interceptTestMethod(TimeoutExtension.java:84)\n\tat org.junit.jupiter.engine.execution.ExecutableInvoker$ReflectiveInterceptorCall.lambda$ofVoidMethod$0(ExecutableInvoker.java:115)\n\tat org.junit.jupiter.engine.execution.ExecutableInvoker.lambda$invoke$0(ExecutableInvoker.java:105)\n\tat org.junit.jupiter.engine.execution.InvocationInterceptorChain$InterceptedInvocation.proceed(InvocationInterceptorChain.java:106)\n\tat org.junit.jupiter.engine.execution.InvocationInterceptorChain.proceed(InvocationInterceptorChain.java:64)\n\tat org.junit.jupiter.engine.execution.InvocationInterceptorChain.chainAndInvoke(InvocationInterceptorChain.java:45)\n\tat org.junit.jupiter.engine.execution.InvocationInterceptorChain.invoke(InvocationInterceptorChain.java:37)\n\tat org.junit.jupiter.engine.execution.ExecutableInvoker.invoke(ExecutableInvoker.java:104)\n\tat org.junit.jupiter.engine.execution.ExecutableInvoker.invoke(ExecutableInvoker.java:98)\n\tat org.junit.jupiter.engine.descriptor.TestMethodTestDescriptor.lambda$invokeTestMethod$7(TestMethodTestDescriptor.java:214)\n\tat org.junit.platform.engine.support.hierarchical.ThrowableCollector.execute(ThrowableCollector.java:73)\n\tat org.junit.jupiter.engine.descriptor.TestMethodTestDescriptor.invokeTestMethod(TestMethodTestDescriptor.java:210)\n\tat org.junit.jupiter.engine.descriptor.TestMethodTestDescriptor.execute(TestMethodTestDescriptor.java:135)\n\tat org.junit.jupiter.engine.descriptor.TestMethodTestDescriptor.execute(TestMethodTestDescriptor.java:66)\n\tat org.junit.platform.engine.support.hierarchical.NodeTestTask.lambda$executeRecursively$6(NodeTestTask.java:151)\n\tat org.junit.platform.engine.support.hierarchical.ThrowableCollector.execute(ThrowableCollector.java:73)\n\tat org.junit.platform.engine.support.hierarchical.NodeTestTask.lambda$executeRecursively$8(NodeTestTask.java:141)\n\tat org.junit.platform.engine.support.hierarchical.Node.around(Node.java:137)\n\tat org.junit.platform.engine.support.hierarchical.NodeTestTask.lambda$executeRecursively$9(NodeTestTask.java:139)\n\tat org.junit.platform.engine.support.hierarchical.ThrowableCollector.execute(ThrowableCollector.java:73)\n\tat org.junit.platform.engine.support.hierarchical.NodeTestTask.executeRecursively(NodeTestTask.java:138)\n\tat org.junit.platform.engine.support.hierarchical.NodeTestTask.execute(NodeTestTask.java:95)\n\tat java.base/java.util.ArrayList.forEach(ArrayList.java:1511)\n\tat org.junit.platform.engine.support.hierarchical.SameThreadHierarchicalTestExecutorService.invokeAll(SameThreadHierarchicalTestExecutorService.java:41)\n\tat org.junit.platform.engine.support.hierarchical.NodeTestTask.lambda$executeRecursively$6(NodeTestTask.java:155)\n\tat org.junit.platform.engine.support.hierarchical.ThrowableCollector.execute(ThrowableCollector.java:73)\n\tat org.junit.platform.engine.support.hierarchical.NodeTestTask.lambda$executeRecursively$8(NodeTestTask.java:141)\n\tat org.junit.platform.engine.support.hierarchical.Node.around(Node.java:137)\n\tat org.junit.platform.engine.support.hierarchical.NodeTestTask.lambda$executeRecursively$9(NodeTestTask.java:139)\n\tat org.junit.platform.engine.support.hierarchical.ThrowableCollector.execute(ThrowableCollector.java:73)\n\tat org.junit.platform.engine.support.hierarchical.NodeTestTask.executeRecursively(NodeTestTask.java:138)\n\tat org.junit.platform.engine.support.hierarchical.NodeTestTask.execute(NodeTestTask.java:95)\n\tat java.base/java.util.ArrayList.forEach(ArrayList.java:1511)\n\tat org.junit.platform.engine.support.hierarchical.SameThreadHierarchicalTestExecutorService.invokeAll(SameThreadHierarchicalTestExecutorService.java:41)\n\tat org.junit.platform.engine.support.hierarchical.NodeTestTask.lambda$executeRecursively$6(NodeTestTask.java:155)\n\tat org.junit.platform.engine.support.hierarchical.ThrowableCollector.execute(ThrowableCollector.java:73)\n\tat org.junit.platform.engine.support.hierarchical.NodeTestTask.lambda$executeRecursively$8(NodeTestTask.java:141)\n\tat org.junit.platform.engine.support.hierarchical.Node.around(Node.java:137)\n\tat org.junit.platform.engine.support.hierarchical.NodeTestTask.lambda$executeRecursively$9(NodeTestTask.java:139)\n\tat org.junit.platform.engine.support.hierarchical.ThrowableCollector.execute(ThrowableCollector.java:73)\n\tat org.junit.platform.engine.support.hierarchical.NodeTestTask.executeRecursively(NodeTestTask.java:138)\n\tat org.junit.platform.engine.support.hierarchical.NodeTestTask.execute(NodeTestTask.java:95)\n\tat org.junit.platform.engine.support.hierarchical.SameThreadHierarchicalTestExecutorService.submit(SameThreadHierarchicalTestExecutorService.java:35)\n\tat org.junit.platform.engine.support.hierarchical.HierarchicalTestExecutor.execute(HierarchicalTestExecutor.java:57)\n\tat org.junit.platform.engine.support.hierarchical.HierarchicalTestEngine.execute(HierarchicalTestEngine.java:54)\n\tat org.junit.platform.launcher.core.EngineExecutionOrchestrator.execute(EngineExecutionOrchestrator.java:108)\n\tat org.junit.platform.launcher.core.EngineExecutionOrchestrator.execute(EngineExecutionOrchestrator.java:88)\n\tat org.junit.platform.launcher.core.EngineExecutionOrchestrator.lambda$execute$0(EngineExecutionOrchestrator.java:54)\n\tat org.junit.platform.launcher.core.EngineExecutionOrchestrator.withInterceptedStreams(EngineExecutionOrchestrator.java:67)\n\tat org.junit.platform.launcher.core.EngineExecutionOrchestrator.execute(EngineExecutionOrchestrator.java:52)\n\tat org.junit.platform.launcher.core.DefaultLauncher.execute(DefaultLauncher.java:96)\n\tat org.junit.platform.launcher.core.DefaultLauncher.execute(DefaultLauncher.java:75)\n\tat com.intellij.junit5.JUnit5IdeaTestRunner.startRunnerWithArgs(JUnit5IdeaTestRunner.java:71)\n\tat com.intellij.rt.junit.IdeaTestRunner$Repeater.startRunnerWithArgs(IdeaTestRunner.java:33)\n\tat com.intellij.rt.junit.JUnitStarter.prepareStreamsAndStart(JUnitStarter.java:235)\n\tat com.intellij.rt.junit.JUnitStarter.main(JUnitStarter.java:54)\nCaused by: java.lang.NullPointerException: Cannot invoke \"com.puppycrawl.tools.checkstyle.api.DetailAST.getFirstChild()\" because \"modifiers\" is null\n\tat com.puppycrawl.tools.checkstyle.checks.coding.IllegalTypeCheck.isContainVerifiableType(IllegalTypeCheck.java:516)\n\tat com.puppycrawl.tools.checkstyle.checks.coding.IllegalTypeCheck.isVerifiable(IllegalTypeCheck.java:502)\n\tat com.puppycrawl.tools.checkstyle.checks.coding.IllegalTypeCheck.visitVariableDef(IllegalTypeCheck.java:577)\n\tat com.puppycrawl.tools.checkstyle.checks.coding.IllegalTypeCheck.visitToken(IllegalTypeCheck.java:477)\n\tat com.puppycrawl.tools.checkstyle.TreeWalker.notifyVisit(TreeWalker.java:335)\n\tat com.puppycrawl.tools.checkstyle.TreeWalker.processIter(TreeWalker.java:406)\n\tat com.puppycrawl.tools.checkstyle.TreeWalker.walk(TreeWalker.java:273)\n\tat com.puppycrawl.tools.checkstyle.TreeWalker.processFiltered(TreeWalker.java:154)\n\tat com.puppycrawl.tools.checkstyle.api.AbstractFileSetCheck.process(AbstractFileSetCheck.java:87)\n\tat com.puppycrawl.tools.checkstyle.Checker.processFile(Checker.java:328)\n\tat com.puppycrawl.tools.checkstyle.Checker.processFiles(Checker.java:289)\n\t... 70 more\n\n\n\nInputIllegalTypeTestInnerRecordsPass fail\ncom.puppycrawl.tools.checkstyle.api.CheckstyleException: Exception was thrown while processing /home/fprochazka/devel/libs/checkstyle/checkstyle/src/test/resources/com/puppycrawl/tools/checkstyle/checks/coding/illegaltype/InputIllegalTypeTestInnerRecordsPass.java\n\n\tat com.puppycrawl.tools.checkstyle.Checker.processFiles(Checker.java:302)\n\tat com.puppycrawl.tools.checkstyle.Checker.process(Checker.java:221)\n\tat com.puppycrawl.tools.checkstyle.AbstractModuleTestSupport.getActualViolationsForFile(AbstractModuleTestSupport.java:442)\n\tat com.puppycrawl.tools.checkstyle.AbstractModuleTestSupport.verifyViolations(AbstractModuleTestSupport.java:416)\n\tat com.puppycrawl.tools.checkstyle.AbstractModuleTestSupport.verifyWithInlineConfigParser(AbstractModuleTestSupport.java:269)\n\tat com.puppycrawl.tools.checkstyle.checks.coding.IllegalTypeCheckTest.testValidateInnerRecordsPass(IllegalTypeCheckTest.java:74)\n\tat java.base/jdk.internal.reflect.NativeMethodAccessorImpl.invoke0(Native Method)\n\tat java.base/jdk.internal.reflect.NativeMethodAccessorImpl.invoke(NativeMethodAccessorImpl.java:78)\n\tat java.base/jdk.internal.reflect.DelegatingMethodAccessorImpl.invoke(DelegatingMethodAccessorImpl.java:43)\n\tat java.base/java.lang.reflect.Method.invoke(Method.java:567)\n\tat org.junit.platform.commons.util.ReflectionUtils.invokeMethod(ReflectionUtils.java:725)\n\tat org.junit.jupiter.engine.execution.MethodInvocation.proceed(MethodInvocation.java:60)\n\tat org.junit.jupiter.engine.execution.InvocationInterceptorChain$ValidatingInvocation.proceed(InvocationInterceptorChain.java:131)\n\tat org.junit.jupiter.engine.extension.TimeoutExtension.intercept(TimeoutExtension.java:149)\n\tat org.junit.jupiter.engine.extension.TimeoutExtension.interceptTestableMethod(TimeoutExtension.java:140)\n\tat org.junit.jupiter.engine.extension.TimeoutExtension.interceptTestMethod(TimeoutExtension.java:84)\n\tat org.junit.jupiter.engine.execution.ExecutableInvoker$ReflectiveInterceptorCall.lambda$ofVoidMethod$0(ExecutableInvoker.java:115)\n\tat org.junit.jupiter.engine.execution.ExecutableInvoker.lambda$invoke$0(ExecutableInvoker.java:105)\n\tat org.junit.jupiter.engine.execution.InvocationInterceptorChain$InterceptedInvocation.proceed(InvocationInterceptorChain.java:106)\n\tat org.junit.jupiter.engine.execution.InvocationInterceptorChain.proceed(InvocationInterceptorChain.java:64)\n\tat org.junit.jupiter.engine.execution.InvocationInterceptorChain.chainAndInvoke(InvocationInterceptorChain.java:45)\n\tat org.junit.jupiter.engine.execution.InvocationInterceptorChain.invoke(InvocationInterceptorChain.java:37)\n\tat org.junit.jupiter.engine.execution.ExecutableInvoker.invoke(ExecutableInvoker.java:104)\n\tat org.junit.jupiter.engine.execution.ExecutableInvoker.invoke(ExecutableInvoker.java:98)\n\tat org.junit.jupiter.engine.descriptor.TestMethodTestDescriptor.lambda$invokeTestMethod$7(TestMethodTestDescriptor.java:214)\n\tat org.junit.platform.engine.support.hierarchical.ThrowableCollector.execute(ThrowableCollector.java:73)\n\tat org.junit.jupiter.engine.descriptor.TestMethodTestDescriptor.invokeTestMethod(TestMethodTestDescriptor.java:210)\n\tat org.junit.jupiter.engine.descriptor.TestMethodTestDescriptor.execute(TestMethodTestDescriptor.java:135)\n\tat org.junit.jupiter.engine.descriptor.TestMethodTestDescriptor.execute(TestMethodTestDescriptor.java:66)\n\tat org.junit.platform.engine.support.hierarchical.NodeTestTask.lambda$executeRecursively$6(NodeTestTask.java:151)\n\tat org.junit.platform.engine.support.hierarchical.ThrowableCollector.execute(ThrowableCollector.java:73)\n\tat org.junit.platform.engine.support.hierarchical.NodeTestTask.lambda$executeRecursively$8(NodeTestTask.java:141)\n\tat org.junit.platform.engine.support.hierarchical.Node.around(Node.java:137)\n\tat org.junit.platform.engine.support.hierarchical.NodeTestTask.lambda$executeRecursively$9(NodeTestTask.java:139)\n\tat org.junit.platform.engine.support.hierarchical.ThrowableCollector.execute(ThrowableCollector.java:73)\n\tat org.junit.platform.engine.support.hierarchical.NodeTestTask.executeRecursively(NodeTestTask.java:138)\n\tat org.junit.platform.engine.support.hierarchical.NodeTestTask.execute(NodeTestTask.java:95)\n\tat java.base/java.util.ArrayList.forEach(ArrayList.java:1511)\n\tat org.junit.platform.engine.support.hierarchical.SameThreadHierarchicalTestExecutorService.invokeAll(SameThreadHierarchicalTestExecutorService.java:41)\n\tat org.junit.platform.engine.support.hierarchical.NodeTestTask.lambda$executeRecursively$6(NodeTestTask.java:155)\n\tat org.junit.platform.engine.support.hierarchical.ThrowableCollector.execute(ThrowableCollector.java:73)\n\tat org.junit.platform.engine.support.hierarchical.NodeTestTask.lambda$executeRecursively$8(NodeTestTask.java:141)\n\tat org.junit.platform.engine.support.hierarchical.Node.around(Node.java:137)\n\tat org.junit.platform.engine.support.hierarchical.NodeTestTask.lambda$executeRecursively$9(NodeTestTask.java:139)\n\tat org.junit.platform.engine.support.hierarchical.ThrowableCollector.execute(ThrowableCollector.java:73)\n\tat org.junit.platform.engine.support.hierarchical.NodeTestTask.executeRecursively(NodeTestTask.java:138)\n\tat org.junit.platform.engine.support.hierarchical.NodeTestTask.execute(NodeTestTask.java:95)\n\tat java.base/java.util.ArrayList.forEach(ArrayList.java:1511)\n\tat org.junit.platform.engine.support.hierarchical.SameThreadHierarchicalTestExecutorService.invokeAll(SameThreadHierarchicalTestExecutorService.java:41)\n\tat org.junit.platform.engine.support.hierarchical.NodeTestTask.lambda$executeRecursively$6(NodeTestTask.java:155)\n\tat org.junit.platform.engine.support.hierarchical.ThrowableCollector.execute(ThrowableCollector.java:73)\n\tat org.junit.platform.engine.support.hierarchical.NodeTestTask.lambda$executeRecursively$8(NodeTestTask.java:141)\n\tat org.junit.platform.engine.support.hierarchical.Node.around(Node.java:137)\n\tat org.junit.platform.engine.support.hierarchical.NodeTestTask.lambda$executeRecursively$9(NodeTestTask.java:139)\n\tat org.junit.platform.engine.support.hierarchical.ThrowableCollector.execute(ThrowableCollector.java:73)\n\tat org.junit.platform.engine.support.hierarchical.NodeTestTask.executeRecursively(NodeTestTask.java:138)\n\tat org.junit.platform.engine.support.hierarchical.NodeTestTask.execute(NodeTestTask.java:95)\n\tat org.junit.platform.engine.support.hierarchical.SameThreadHierarchicalTestExecutorService.submit(SameThreadHierarchicalTestExecutorService.java:35)\n\tat org.junit.platform.engine.support.hierarchical.HierarchicalTestExecutor.execute(HierarchicalTestExecutor.java:57)\n\tat org.junit.platform.engine.support.hierarchical.HierarchicalTestEngine.execute(HierarchicalTestEngine.java:54)\n\tat org.junit.platform.launcher.core.EngineExecutionOrchestrator.execute(EngineExecutionOrchestrator.java:108)\n\tat org.junit.platform.launcher.core.EngineExecutionOrchestrator.execute(EngineExecutionOrchestrator.java:88)\n\tat org.junit.platform.launcher.core.EngineExecutionOrchestrator.lambda$execute$0(EngineExecutionOrchestrator.java:54)\n\tat org.junit.platform.launcher.core.EngineExecutionOrchestrator.withInterceptedStreams(EngineExecutionOrchestrator.java:67)\n\tat org.junit.platform.launcher.core.EngineExecutionOrchestrator.execute(EngineExecutionOrchestrator.java:52)\n\tat org.junit.platform.launcher.core.DefaultLauncher.execute(DefaultLauncher.java:96)\n\tat org.junit.platform.launcher.core.DefaultLauncher.execute(DefaultLauncher.java:75)\n\tat com.intellij.junit5.JUnit5IdeaTestRunner.startRunnerWithArgs(JUnit5IdeaTestRunner.java:71)\n\tat com.intellij.rt.junit.IdeaTestRunner$Repeater.startRunnerWithArgs(IdeaTestRunner.java:33)\n\tat com.intellij.rt.junit.JUnitStarter.prepareStreamsAndStart(JUnitStarter.java:235)\n\tat com.intellij.rt.junit.JUnitStarter.main(JUnitStarter.java:54)\nCaused by: java.lang.NullPointerException: Cannot invoke \"com.puppycrawl.tools.checkstyle.api.DetailAST.getFirstChild()\" because \"modifiers\" is null\n\tat com.puppycrawl.tools.checkstyle.checks.coding.IllegalTypeCheck.isContainVerifiableType(IllegalTypeCheck.java:516)\n\tat com.puppycrawl.tools.checkstyle.checks.coding.IllegalTypeCheck.isVerifiable(IllegalTypeCheck.java:502)\n\tat com.puppycrawl.tools.checkstyle.checks.coding.IllegalTypeCheck.visitVariableDef(IllegalTypeCheck.java:577)\n\tat com.puppycrawl.tools.checkstyle.checks.coding.IllegalTypeCheck.visitToken(IllegalTypeCheck.java:477)\n\tat com.puppycrawl.tools.checkstyle.TreeWalker.notifyVisit(TreeWalker.java:335)\n\tat com.puppycrawl.tools.checkstyle.TreeWalker.processIter(TreeWalker.java:406)\n\tat com.puppycrawl.tools.checkstyle.TreeWalker.walk(TreeWalker.java:273)\n\tat com.puppycrawl.tools.checkstyle.TreeWalker.processFiltered(TreeWalker.java:154)\n\tat com.puppycrawl.tools.checkstyle.api.AbstractFileSetCheck.process(AbstractFileSetCheck.java:87)\n\tat com.puppycrawl.tools.checkstyle.Checker.processFile(Checker.java:328)\n\tat com.puppycrawl.tools.checkstyle.Checker.processFiles(Checker.java:289)\n\t... 70 more\n\n\nThe interesting part is IMHO this:\njava.lang.NullPointerException: Cannot invoke \"com.puppycrawl.tools.checkstyle.api.DetailAST.getFirstChild()\" because \"modifiers\" is null\n\tat com.puppycrawl.tools.checkstyle.checks.coding.IllegalTypeCheck.isContainVerifiableType(IllegalTypeCheck.java:516)\n\tat com.puppycrawl.tools.checkstyle.checks.coding.IllegalTypeCheck.isVerifiable(IllegalTypeCheck.java:502)\n\tat com.puppycrawl.tools.checkstyle.checks.coding.IllegalTypeCheck.visitVariableDef(IllegalTypeCheck.java:577)\n\tat com.puppycrawl.tools.checkstyle.checks.coding.IllegalTypeCheck.visitToken(IllegalTypeCheck.java:477)\n\tat com.puppycrawl.tools.checkstyle.TreeWalker.notifyVisit(TreeWalker.java:335)\n\tat com.puppycrawl.tools.checkstyle.TreeWalker.processIter(TreeWalker.java:406)\n\tat com.puppycrawl.tools.checkstyle.TreeWalker.walk(TreeWalker.java:273)\n\tat com.puppycrawl.tools.checkstyle.TreeWalker.processFiltered(TreeWalker.java:154)\n\tat com.puppycrawl.tools.checkstyle.api.AbstractFileSetCheck.process(AbstractFileSetCheck.java:87)\n\tat com.puppycrawl.tools.checkstyle.Checker.processFile(Checker.java:328)\n\tat com.puppycrawl.tools.checkstyle.Checker.processFiles(Checker.java:289)\n\nMy configuration of the check is baked into the comment in the tested source file.\nIf I change\nmemberModifiers = LITERAL_PUBLIC, LITERAL_PROTECTED, LITERAL_STATIC\n\nto\nmemberModifiers = (default)\n\nit starts to pass\n...\nAm I configuring it incorrectly? IMHO it should not throw an NPE even when configured incorrectly."
}